[14-Nov-2022 21:35:58 UTC] PHP Warning:  Undefined array key "height" in C:\Users\Luz Adriana Mosquera\Local Sites\legiom\app\public\wp-content\plugins\osm\osm-widget.php on line 61
[14-Nov-2022 21:35:58 UTC] PHP Warning:  Undefined array key "zoom" in C:\Users\Luz Adriana Mosquera\Local Sites\legiom\app\public\wp-content\plugins\osm\osm-widget.php on line 66
[14-Nov-2022 21:35:58 UTC] PHP Warning:  Undefined array key "zoom" in C:\Users\Luz Adriana Mosquera\Local Sites\legiom\app\public\wp-content\plugins\osm\osm-widget.php on line 67
[14-Nov-2022 21:35:58 UTC] PHP Warning:  Undefined array key "zoom" in C:\Users\Luz Adriana Mosquera\Local Sites\legiom\app\public\wp-content\plugins\osm\osm-widget.php on line 68
[14-Nov-2022 21:35:58 UTC] PHP Warning:  Undefined array key "zoom" in C:\Users\Luz Adriana Mosquera\Local Sites\legiom\app\public\wp-content\plugins\osm\osm-widget.php on line 69
[14-Nov-2022 21:35:58 UTC] PHP Warning:  Undefined array key "zoom" in C:\Users\Luz Adriana Mosquera\Local Sites\legiom\app\public\wp-content\plugins\osm\osm-widget.php on line 70
[14-Nov-2022 21:35:58 UTC] PHP Warning:  Undefined array key "zoom" in C:\Users\Luz Adriana Mosquera\Local Sites\legiom\app\public\wp-content\plugins\osm\osm-widget.php on line 71
[14-Nov-2022 21:35:58 UTC] PHP Warning:  Undefined array key "zoom" in C:\Users\Luz Adriana Mosquera\Local Sites\legiom\app\public\wp-content\plugins\osm\osm-widget.php on line 72
[14-Nov-2022 21:35:58 UTC] PHP Warning:  Undefined array key "zoom" in C:\Users\Luz Adriana Mosquera\Local Sites\legiom\app\public\wp-content\plugins\osm\osm-widget.php on line 73
[14-Nov-2022 21:35:58 UTC] PHP Warning:  Undefined array key "zoom" in C:\Users\Luz Adriana Mosquera\Local Sites\legiom\app\public\wp-content\plugins\osm\osm-widget.php on line 74
[14-Nov-2022 21:35:58 UTC] PHP Warning:  Undefined array key "zoom" in C:\Users\Luz Adriana Mosquera\Local Sites\legiom\app\public\wp-content\plugins\osm\osm-widget.php on line 75
[14-Nov-2022 21:35:58 UTC] PHP Warning:  Undefined array key "zoom" in C:\Users\Luz Adriana Mosquera\Local Sites\legiom\app\public\wp-content\plugins\osm\osm-widget.php on line 76
[14-Nov-2022 21:35:58 UTC] PHP Warning:  Undefined array key "zoom" in C:\Users\Luz Adriana Mosquera\Local Sites\legiom\app\public\wp-content\plugins\osm\osm-widget.php on line 77
[14-Nov-2022 21:35:58 UTC] PHP Warning:  Undefined array key "zoom" in C:\Users\Luz Adriana Mosquera\Local Sites\legiom\app\public\wp-content\plugins\osm\osm-widget.php on line 78
[14-Nov-2022 21:35:58 UTC] PHP Warning:  Undefined array key "zoom" in C:\Users\Luz Adriana Mosquera\Local Sites\legiom\app\public\wp-content\plugins\osm\osm-widget.php on line 79
[14-Nov-2022 21:35:58 UTC] PHP Warning:  Undefined array key "zoom" in C:\Users\Luz Adriana Mosquera\Local Sites\legiom\app\public\wp-content\plugins\osm\osm-widget.php on line 80
[14-Nov-2022 21:35:58 UTC] PHP Warning:  Undefined array key "zoom" in C:\Users\Luz Adriana Mosquera\Local Sites\legiom\app\public\wp-content\plugins\osm\osm-widget.php on line 81
[14-Nov-2022 21:35:58 UTC] PHP Warning:  Undefined array key "zoom" in C:\Users\Luz Adriana Mosquera\Local Sites\legiom\app\public\wp-content\plugins\osm\osm-widget.php on line 82
[14-Nov-2022 21:35:58 UTC] PHP Warning:  Undefined array key "zoom" in C:\Users\Luz Adriana Mosquera\Local Sites\legiom\app\public\wp-content\plugins\osm\osm-widget.php on line 83
[14-Nov-2022 21:35:58 UTC] PHP Warning:  Undefined array key "ctrl_theme" in C:\Users\Luz Adriana Mosquera\Local Sites\legiom\app\public\wp-content\plugins\osm\osm-widget.php on line 89
[14-Nov-2022 21:35:58 UTC] PHP Warning:  Undefined array key "ctrl_theme" in C:\Users\Luz Adriana Mosquera\Local Sites\legiom\app\public\wp-content\plugins\osm\osm-widget.php on line 90
[14-Nov-2022 21:35:58 UTC] PHP Warning:  Undefined array key "ctrl_theme" in C:\Users\Luz Adriana Mosquera\Local Sites\legiom\app\public\wp-content\plugins\osm\osm-widget.php on line 91
[14-Nov-2022 21:35:58 UTC] PHP Warning:  Undefined array key "ctrl_theme" in C:\Users\Luz Adriana Mosquera\Local Sites\legiom\app\public\wp-content\plugins\osm\osm-widget.php on line 93
[14-Nov-2022 21:35:58 UTC] PHP Warning:  Undefined array key "ctrl_theme" in C:\Users\Luz Adriana Mosquera\Local Sites\legiom\app\public\wp-content\plugins\osm\osm-widget.php on line 94
[14-Nov-2022 21:35:58 UTC] PHP Warning:  Undefined array key "ctrl_theme" in C:\Users\Luz Adriana Mosquera\Local Sites\legiom\app\public\wp-content\plugins\osm\osm-widget.php on line 95
[14-Nov-2022 21:35:58 UTC] PHP Warning:  Undefined array key "marker" in C:\Users\Luz Adriana Mosquera\Local Sites\legiom\app\public\wp-content\plugins\osm\osm-widget.php on line 101
[14-Nov-2022 21:35:58 UTC] PHP Warning:  Undefined array key "marker" in C:\Users\Luz Adriana Mosquera\Local Sites\legiom\app\public\wp-content\plugins\osm\osm-widget.php on line 102
[14-Nov-2022 21:35:58 UTC] PHP Warning:  Undefined array key "marker" in C:\Users\Luz Adriana Mosquera\Local Sites\legiom\app\public\wp-content\plugins\osm\osm-widget.php on line 103
[14-Nov-2022 21:35:58 UTC] PHP Warning:  Undefined array key "marker" in C:\Users\Luz Adriana Mosquera\Local Sites\legiom\app\public\wp-content\plugins\osm\osm-widget.php on line 104
[14-Nov-2022 21:35:58 UTC] PHP Warning:  Undefined array key "marker" in C:\Users\Luz Adriana Mosquera\Local Sites\legiom\app\public\wp-content\plugins\osm\osm-widget.php on line 105
[14-Nov-2022 21:35:58 UTC] PHP Warning:  Undefined array key "marker" in C:\Users\Luz Adriana Mosquera\Local Sites\legiom\app\public\wp-content\plugins\osm\osm-widget.php on line 106
[14-Nov-2022 21:35:58 UTC] PHP Warning:  Undefined array key "border_col" in C:\Users\Luz Adriana Mosquera\Local Sites\legiom\app\public\wp-content\plugins\osm\osm-widget.php on line 112
[14-Nov-2022 21:35:58 UTC] PHP Warning:  Undefined array key "border_col" in C:\Users\Luz Adriana Mosquera\Local Sites\legiom\app\public\wp-content\plugins\osm\osm-widget.php on line 113
[14-Nov-2022 21:35:58 UTC] PHP Warning:  Undefined array key "border_col" in C:\Users\Luz Adriana Mosquera\Local Sites\legiom\app\public\wp-content\plugins\osm\osm-widget.php on line 114
[14-Nov-2022 21:35:58 UTC] PHP Warning:  Undefined array key "border_col" in C:\Users\Luz Adriana Mosquera\Local Sites\legiom\app\public\wp-content\plugins\osm\osm-widget.php on line 115
[14-Nov-2022 21:35:58 UTC] PHP Warning:  Undefined array key "border_col" in C:\Users\Luz Adriana Mosquera\Local Sites\legiom\app\public\wp-content\plugins\osm\osm-widget.php on line 116
[14-Nov-2022 21:35:58 UTC] PHP Warning:  Undefined array key "border_col" in C:\Users\Luz Adriana Mosquera\Local Sites\legiom\app\public\wp-content\plugins\osm\osm-widget.php on line 117
[14-Nov-2022 21:35:58 UTC] PHP Warning:  Undefined array key "border_col" in C:\Users\Luz Adriana Mosquera\Local Sites\legiom\app\public\wp-content\plugins\osm\osm-widget.php on line 118
[14-Nov-2022 21:35:58 UTC] PHP Warning:  Undefined array key "map_type" in C:\Users\Luz Adriana Mosquera\Local Sites\legiom\app\public\wp-content\plugins\osm\osm-widget.php on line 124
[14-Nov-2022 21:35:58 UTC] PHP Warning:  Undefined array key "map_type" in C:\Users\Luz Adriana Mosquera\Local Sites\legiom\app\public\wp-content\plugins\osm\osm-widget.php on line 125
[14-Nov-2022 21:35:58 UTC] PHP Warning:  Undefined array key "map_type" in C:\Users\Luz Adriana Mosquera\Local Sites\legiom\app\public\wp-content\plugins\osm\osm-widget.php on line 126
[14-Nov-2022 21:35:58 UTC] PHP Warning:  Undefined array key "map_type" in C:\Users\Luz Adriana Mosquera\Local Sites\legiom\app\public\wp-content\plugins\osm\osm-widget.php on line 127
[14-Nov-2022 21:35:58 UTC] PHP Warning:  Undefined array key "map_type" in C:\Users\Luz Adriana Mosquera\Local Sites\legiom\app\public\wp-content\plugins\osm\osm-widget.php on line 128
[14-Nov-2022 21:35:58 UTC] PHP Warning:  Undefined array key "map_type" in C:\Users\Luz Adriana Mosquera\Local Sites\legiom\app\public\wp-content\plugins\osm\osm-widget.php on line 129
[14-Nov-2022 22:43:52 UTC] PHP Warning:  Undefined array key "height" in C:\Users\Luz Adriana Mosquera\Local Sites\legiom\app\public\wp-content\plugins\osm\osm-widget.php on line 61
[14-Nov-2022 22:43:52 UTC] PHP Warning:  Undefined array key "zoom" in C:\Users\Luz Adriana Mosquera\Local Sites\legiom\app\public\wp-content\plugins\osm\osm-widget.php on line 66
[14-Nov-2022 22:43:52 UTC] PHP Warning:  Undefined array key "zoom" in C:\Users\Luz Adriana Mosquera\Local Sites\legiom\app\public\wp-content\plugins\osm\osm-widget.php on line 67
[14-Nov-2022 22:43:52 UTC] PHP Warning:  Undefined array key "zoom" in C:\Users\Luz Adriana Mosquera\Local Sites\legiom\app\public\wp-content\plugins\osm\osm-widget.php on line 68
[14-Nov-2022 22:43:52 UTC] PHP Warning:  Undefined array key "zoom" in C:\Users\Luz Adriana Mosquera\Local Sites\legiom\app\public\wp-content\plugins\osm\osm-widget.php on line 69
[14-Nov-2022 22:43:52 UTC] PHP Warning:  Undefined array key "zoom" in C:\Users\Luz Adriana Mosquera\Local Sites\legiom\app\public\wp-content\plugins\osm\osm-widget.php on line 70
[14-Nov-2022 22:43:52 UTC] PHP Warning:  Undefined array key "zoom" in C:\Users\Luz Adriana Mosquera\Local Sites\legiom\app\public\wp-content\plugins\osm\osm-widget.php on line 71
[14-Nov-2022 22:43:52 UTC] PHP Warning:  Undefined array key "zoom" in C:\Users\Luz Adriana Mosquera\Local Sites\legiom\app\public\wp-content\plugins\osm\osm-widget.php on line 72
[14-Nov-2022 22:43:52 UTC] PHP Warning:  Undefined array key "zoom" in C:\Users\Luz Adriana Mosquera\Local Sites\legiom\app\public\wp-content\plugins\osm\osm-widget.php on line 73
[14-Nov-2022 22:43:52 UTC] PHP Warning:  Undefined array key "zoom" in C:\Users\Luz Adriana Mosquera\Local Sites\legiom\app\public\wp-content\plugins\osm\osm-widget.php on line 74
[14-Nov-2022 22:43:52 UTC] PHP Warning:  Undefined array key "zoom" in C:\Users\Luz Adriana Mosquera\Local Sites\legiom\app\public\wp-content\plugins\osm\osm-widget.php on line 75
[14-Nov-2022 22:43:52 UTC] PHP Warning:  Undefined array key "zoom" in C:\Users\Luz Adriana Mosquera\Local Sites\legiom\app\public\wp-content\plugins\osm\osm-widget.php on line 76
[14-Nov-2022 22:43:52 UTC] PHP Warning:  Undefined array key "zoom" in C:\Users\Luz Adriana Mosquera\Local Sites\legiom\app\public\wp-content\plugins\osm\osm-widget.php on line 77
[14-Nov-2022 22:43:52 UTC] PHP Warning:  Undefined array key "zoom" in C:\Users\Luz Adriana Mosquera\Local Sites\legiom\app\public\wp-content\plugins\osm\osm-widget.php on line 78
[14-Nov-2022 22:43:52 UTC] PHP Warning:  Undefined array key "zoom" in C:\Users\Luz Adriana Mosquera\Local Sites\legiom\app\public\wp-content\plugins\osm\osm-widget.php on line 79
[14-Nov-2022 22:43:52 UTC] PHP Warning:  Undefined array key "zoom" in C:\Users\Luz Adriana Mosquera\Local Sites\legiom\app\public\wp-content\plugins\osm\osm-widget.php on line 80
[14-Nov-2022 22:43:52 UTC] PHP Warning:  Undefined array key "zoom" in C:\Users\Luz Adriana Mosquera\Local Sites\legiom\app\public\wp-content\plugins\osm\osm-widget.php on line 81
[14-Nov-2022 22:43:52 UTC] PHP Warning:  Undefined array key "zoom" in C:\Users\Luz Adriana Mosquera\Local Sites\legiom\app\public\wp-content\plugins\osm\osm-widget.php on line 82
[14-Nov-2022 22:43:52 UTC] PHP Warning:  Undefined array key "zoom" in C:\Users\Luz Adriana Mosquera\Local Sites\legiom\app\public\wp-content\plugins\osm\osm-widget.php on line 83
[14-Nov-2022 22:43:52 UTC] PHP Warning:  Undefined array key "ctrl_theme" in C:\Users\Luz Adriana Mosquera\Local Sites\legiom\app\public\wp-content\plugins\osm\osm-widget.php on line 89
[14-Nov-2022 22:43:52 UTC] PHP Warning:  Undefined array key "ctrl_theme" in C:\Users\Luz Adriana Mosquera\Local Sites\legiom\app\public\wp-content\plugins\osm\osm-widget.php on line 90
[14-Nov-2022 22:43:52 UTC] PHP Warning:  Undefined array key "ctrl_theme" in C:\Users\Luz Adriana Mosquera\Local Sites\legiom\app\public\wp-content\plugins\osm\osm-widget.php on line 91
[14-Nov-2022 22:43:52 UTC] PHP Warning:  Undefined array key "ctrl_theme" in C:\Users\Luz Adriana Mosquera\Local Sites\legiom\app\public\wp-content\plugins\osm\osm-widget.php on line 93
[14-Nov-2022 22:43:52 UTC] PHP Warning:  Undefined array key "ctrl_theme" in C:\Users\Luz Adriana Mosquera\Local Sites\legiom\app\public\wp-content\plugins\osm\osm-widget.php on line 94
[14-Nov-2022 22:43:52 UTC] PHP Warning:  Undefined array key "ctrl_theme" in C:\Users\Luz Adriana Mosquera\Local Sites\legiom\app\public\wp-content\plugins\osm\osm-widget.php on line 95
[14-Nov-2022 22:43:52 UTC] PHP Warning:  Undefined array key "marker" in C:\Users\Luz Adriana Mosquera\Local Sites\legiom\app\public\wp-content\plugins\osm\osm-widget.php on line 101
[14-Nov-2022 22:43:52 UTC] PHP Warning:  Undefined array key "marker" in C:\Users\Luz Adriana Mosquera\Local Sites\legiom\app\public\wp-content\plugins\osm\osm-widget.php on line 102
[14-Nov-2022 22:43:52 UTC] PHP Warning:  Undefined array key "marker" in C:\Users\Luz Adriana Mosquera\Local Sites\legiom\app\public\wp-content\plugins\osm\osm-widget.php on line 103
[14-Nov-2022 22:43:52 UTC] PHP Warning:  Undefined array key "marker" in C:\Users\Luz Adriana Mosquera\Local Sites\legiom\app\public\wp-content\plugins\osm\osm-widget.php on line 104
[14-Nov-2022 22:43:52 UTC] PHP Warning:  Undefined array key "marker" in C:\Users\Luz Adriana Mosquera\Local Sites\legiom\app\public\wp-content\plugins\osm\osm-widget.php on line 105
[14-Nov-2022 22:43:52 UTC] PHP Warning:  Undefined array key "marker" in C:\Users\Luz Adriana Mosquera\Local Sites\legiom\app\public\wp-content\plugins\osm\osm-widget.php on line 106
[14-Nov-2022 22:43:52 UTC] PHP Warning:  Undefined array key "border_col" in C:\Users\Luz Adriana Mosquera\Local Sites\legiom\app\public\wp-content\plugins\osm\osm-widget.php on line 112
[14-Nov-2022 22:43:52 UTC] PHP Warning:  Undefined array key "border_col" in C:\Users\Luz Adriana Mosquera\Local Sites\legiom\app\public\wp-content\plugins\osm\osm-widget.php on line 113
[14-Nov-2022 22:43:52 UTC] PHP Warning:  Undefined array key "border_col" in C:\Users\Luz Adriana Mosquera\Local Sites\legiom\app\public\wp-content\plugins\osm\osm-widget.php on line 114
[14-Nov-2022 22:43:52 UTC] PHP Warning:  Undefined array key "border_col" in C:\Users\Luz Adriana Mosquera\Local Sites\legiom\app\public\wp-content\plugins\osm\osm-widget.php on line 115
[14-Nov-2022 22:43:52 UTC] PHP Warning:  Undefined array key "border_col" in C:\Users\Luz Adriana Mosquera\Local Sites\legiom\app\public\wp-content\plugins\osm\osm-widget.php on line 116
[14-Nov-2022 22:43:52 UTC] PHP Warning:  Undefined array key "border_col" in C:\Users\Luz Adriana Mosquera\Local Sites\legiom\app\public\wp-content\plugins\osm\osm-widget.php on line 117
[14-Nov-2022 22:43:52 UTC] PHP Warning:  Undefined array key "border_col" in C:\Users\Luz Adriana Mosquera\Local Sites\legiom\app\public\wp-content\plugins\osm\osm-widget.php on line 118
[14-Nov-2022 22:43:52 UTC] PHP Warning:  Undefined array key "map_type" in C:\Users\Luz Adriana Mosquera\Local Sites\legiom\app\public\wp-content\plugins\osm\osm-widget.php on line 124
[14-Nov-2022 22:43:52 UTC] PHP Warning:  Undefined array key "map_type" in C:\Users\Luz Adriana Mosquera\Local Sites\legiom\app\public\wp-content\plugins\osm\osm-widget.php on line 125
[14-Nov-2022 22:43:52 UTC] PHP Warning:  Undefined array key "map_type" in C:\Users\Luz Adriana Mosquera\Local Sites\legiom\app\public\wp-content\plugins\osm\osm-widget.php on line 126
[14-Nov-2022 22:43:52 UTC] PHP Warning:  Undefined array key "map_type" in C:\Users\Luz Adriana Mosquera\Local Sites\legiom\app\public\wp-content\plugins\osm\osm-widget.php on line 127
[14-Nov-2022 22:43:52 UTC] PHP Warning:  Undefined array key "map_type" in C:\Users\Luz Adriana Mosquera\Local Sites\legiom\app\public\wp-content\plugins\osm\osm-widget.php on line 128
[14-Nov-2022 22:43:52 UTC] PHP Warning:  Undefined array key "map_type" in C:\Users\Luz Adriana Mosquera\Local Sites\legiom\app\public\wp-content\plugins\osm\osm-widget.php on line 129
[14-Nov-2022 22:48:33 UTC] PHP Warning:  Undefined array key "height" in C:\Users\Luz Adriana Mosquera\Local Sites\legiom\app\public\wp-content\plugins\osm\osm-widget.php on line 61
[14-Nov-2022 22:48:33 UTC] PHP Warning:  Undefined array key "zoom" in C:\Users\Luz Adriana Mosquera\Local Sites\legiom\app\public\wp-content\plugins\osm\osm-widget.php on line 66
[14-Nov-2022 22:48:33 UTC] PHP Warning:  Undefined array key "zoom" in C:\Users\Luz Adriana Mosquera\Local Sites\legiom\app\public\wp-content\plugins\osm\osm-widget.php on line 67
[14-Nov-2022 22:48:33 UTC] PHP Warning:  Undefined array key "zoom" in C:\Users\Luz Adriana Mosquera\Local Sites\legiom\app\public\wp-content\plugins\osm\osm-widget.php on line 68
[14-Nov-2022 22:48:33 UTC] PHP Warning:  Undefined array key "zoom" in C:\Users\Luz Adriana Mosquera\Local Sites\legiom\app\public\wp-content\plugins\osm\osm-widget.php on line 69
[14-Nov-2022 22:48:33 UTC] PHP Warning:  Undefined array key "zoom" in C:\Users\Luz Adriana Mosquera\Local Sites\legiom\app\public\wp-content\plugins\osm\osm-widget.php on line 70
[14-Nov-2022 22:48:33 UTC] PHP Warning:  Undefined array key "zoom" in C:\Users\Luz Adriana Mosquera\Local Sites\legiom\app\public\wp-content\plugins\osm\osm-widget.php on line 71
[14-Nov-2022 22:48:33 UTC] PHP Warning:  Undefined array key "zoom" in C:\Users\Luz Adriana Mosquera\Local Sites\legiom\app\public\wp-content\plugins\osm\osm-widget.php on line 72
[14-Nov-2022 22:48:33 UTC] PHP Warning:  Undefined array key "zoom" in C:\Users\Luz Adriana Mosquera\Local Sites\legiom\app\public\wp-content\plugins\osm\osm-widget.php on line 73
[14-Nov-2022 22:48:33 UTC] PHP Warning:  Undefined array key "zoom" in C:\Users\Luz Adriana Mosquera\Local Sites\legiom\app\public\wp-content\plugins\osm\osm-widget.php on line 74
[14-Nov-2022 22:48:33 UTC] PHP Warning:  Undefined array key "zoom" in C:\Users\Luz Adriana Mosquera\Local Sites\legiom\app\public\wp-content\plugins\osm\osm-widget.php on line 75
[14-Nov-2022 22:48:33 UTC] PHP Warning:  Undefined array key "zoom" in C:\Users\Luz Adriana Mosquera\Local Sites\legiom\app\public\wp-content\plugins\osm\osm-widget.php on line 76
[14-Nov-2022 22:48:33 UTC] PHP Warning:  Undefined array key "zoom" in C:\Users\Luz Adriana Mosquera\Local Sites\legiom\app\public\wp-content\plugins\osm\osm-widget.php on line 77
[14-Nov-2022 22:48:33 UTC] PHP Warning:  Undefined array key "zoom" in C:\Users\Luz Adriana Mosquera\Local Sites\legiom\app\public\wp-content\plugins\osm\osm-widget.php on line 78
[14-Nov-2022 22:48:33 UTC] PHP Warning:  Undefined array key "zoom" in C:\Users\Luz Adriana Mosquera\Local Sites\legiom\app\public\wp-content\plugins\osm\osm-widget.php on line 79
[14-Nov-2022 22:48:33 UTC] PHP Warning:  Undefined array key "zoom" in C:\Users\Luz Adriana Mosquera\Local Sites\legiom\app\public\wp-content\plugins\osm\osm-widget.php on line 80
[14-Nov-2022 22:48:33 UTC] PHP Warning:  Undefined array key "zoom" in C:\Users\Luz Adriana Mosquera\Local Sites\legiom\app\public\wp-content\plugins\osm\osm-widget.php on line 81
[14-Nov-2022 22:48:33 UTC] PHP Warning:  Undefined array key "zoom" in C:\Users\Luz Adriana Mosquera\Local Sites\legiom\app\public\wp-content\plugins\osm\osm-widget.php on line 82
[14-Nov-2022 22:48:33 UTC] PHP Warning:  Undefined array key "zoom" in C:\Users\Luz Adriana Mosquera\Local Sites\legiom\app\public\wp-content\plugins\osm\osm-widget.php on line 83
[14-Nov-2022 22:48:33 UTC] PHP Warning:  Undefined array key "ctrl_theme" in C:\Users\Luz Adriana Mosquera\Local Sites\legiom\app\public\wp-content\plugins\osm\osm-widget.php on line 89
[14-Nov-2022 22:48:33 UTC] PHP Warning:  Undefined array key "ctrl_theme" in C:\Users\Luz Adriana Mosquera\Local Sites\legiom\app\public\wp-content\plugins\osm\osm-widget.php on line 90
[14-Nov-2022 22:48:33 UTC] PHP Warning:  Undefined array key "ctrl_theme" in C:\Users\Luz Adriana Mosquera\Local Sites\legiom\app\public\wp-content\plugins\osm\osm-widget.php on line 91
[14-Nov-2022 22:48:33 UTC] PHP Warning:  Undefined array key "ctrl_theme" in C:\Users\Luz Adriana Mosquera\Local Sites\legiom\app\public\wp-content\plugins\osm\osm-widget.php on line 93
[14-Nov-2022 22:48:33 UTC] PHP Warning:  Undefined array key "ctrl_theme" in C:\Users\Luz Adriana Mosquera\Local Sites\legiom\app\public\wp-content\plugins\osm\osm-widget.php on line 94
[14-Nov-2022 22:48:33 UTC] PHP Warning:  Undefined array key "ctrl_theme" in C:\Users\Luz Adriana Mosquera\Local Sites\legiom\app\public\wp-content\plugins\osm\osm-widget.php on line 95
[14-Nov-2022 22:48:33 UTC] PHP Warning:  Undefined array key "marker" in C:\Users\Luz Adriana Mosquera\Local Sites\legiom\app\public\wp-content\plugins\osm\osm-widget.php on line 101
[14-Nov-2022 22:48:33 UTC] PHP Warning:  Undefined array key "marker" in C:\Users\Luz Adriana Mosquera\Local Sites\legiom\app\public\wp-content\plugins\osm\osm-widget.php on line 102
[14-Nov-2022 22:48:33 UTC] PHP Warning:  Undefined array key "marker" in C:\Users\Luz Adriana Mosquera\Local Sites\legiom\app\public\wp-content\plugins\osm\osm-widget.php on line 103
[14-Nov-2022 22:48:33 UTC] PHP Warning:  Undefined array key "marker" in C:\Users\Luz Adriana Mosquera\Local Sites\legiom\app\public\wp-content\plugins\osm\osm-widget.php on line 104
[14-Nov-2022 22:48:33 UTC] PHP Warning:  Undefined array key "marker" in C:\Users\Luz Adriana Mosquera\Local Sites\legiom\app\public\wp-content\plugins\osm\osm-widget.php on line 105
[14-Nov-2022 22:48:33 UTC] PHP Warning:  Undefined array key "marker" in C:\Users\Luz Adriana Mosquera\Local Sites\legiom\app\public\wp-content\plugins\osm\osm-widget.php on line 106
[14-Nov-2022 22:48:33 UTC] PHP Warning:  Undefined array key "border_col" in C:\Users\Luz Adriana Mosquera\Local Sites\legiom\app\public\wp-content\plugins\osm\osm-widget.php on line 112
[14-Nov-2022 22:48:33 UTC] PHP Warning:  Undefined array key "border_col" in C:\Users\Luz Adriana Mosquera\Local Sites\legiom\app\public\wp-content\plugins\osm\osm-widget.php on line 113
[14-Nov-2022 22:48:33 UTC] PHP Warning:  Undefined array key "border_col" in C:\Users\Luz Adriana Mosquera\Local Sites\legiom\app\public\wp-content\plugins\osm\osm-widget.php on line 114
[14-Nov-2022 22:48:33 UTC] PHP Warning:  Undefined array key "border_col" in C:\Users\Luz Adriana Mosquera\Local Sites\legiom\app\public\wp-content\plugins\osm\osm-widget.php on line 115
[14-Nov-2022 22:48:33 UTC] PHP Warning:  Undefined array key "border_col" in C:\Users\Luz Adriana Mosquera\Local Sites\legiom\app\public\wp-content\plugins\osm\osm-widget.php on line 116
[14-Nov-2022 22:48:33 UTC] PHP Warning:  Undefined array key "border_col" in C:\Users\Luz Adriana Mosquera\Local Sites\legiom\app\public\wp-content\plugins\osm\osm-widget.php on line 117
[14-Nov-2022 22:48:33 UTC] PHP Warning:  Undefined array key "border_col" in C:\Users\Luz Adriana Mosquera\Local Sites\legiom\app\public\wp-content\plugins\osm\osm-widget.php on line 118
[14-Nov-2022 22:48:33 UTC] PHP Warning:  Undefined array key "map_type" in C:\Users\Luz Adriana Mosquera\Local Sites\legiom\app\public\wp-content\plugins\osm\osm-widget.php on line 124
[14-Nov-2022 22:48:33 UTC] PHP Warning:  Undefined array key "map_type" in C:\Users\Luz Adriana Mosquera\Local Sites\legiom\app\public\wp-content\plugins\osm\osm-widget.php on line 125
[14-Nov-2022 22:48:33 UTC] PHP Warning:  Undefined array key "map_type" in C:\Users\Luz Adriana Mosquera\Local Sites\legiom\app\public\wp-content\plugins\osm\osm-widget.php on line 126
[14-Nov-2022 22:48:33 UTC] PHP Warning:  Undefined array key "map_type" in C:\Users\Luz Adriana Mosquera\Local Sites\legiom\app\public\wp-content\plugins\osm\osm-widget.php on line 127
[14-Nov-2022 22:48:33 UTC] PHP Warning:  Undefined array key "map_type" in C:\Users\Luz Adriana Mosquera\Local Sites\legiom\app\public\wp-content\plugins\osm\osm-widget.php on line 128
[14-Nov-2022 22:48:33 UTC] PHP Warning:  Undefined array key "map_type" in C:\Users\Luz Adriana Mosquera\Local Sites\legiom\app\public\wp-content\plugins\osm\osm-widget.php on line 129
[14-Nov-2022 23:08:05 UTC] PHP Warning:  Undefined array key "height" in C:\Users\Luz Adriana Mosquera\Local Sites\legiom\app\public\wp-content\plugins\osm\osm-widget.php on line 61
[14-Nov-2022 23:08:05 UTC] PHP Warning:  Undefined array key "zoom" in C:\Users\Luz Adriana Mosquera\Local Sites\legiom\app\public\wp-content\plugins\osm\osm-widget.php on line 66
[14-Nov-2022 23:08:05 UTC] PHP Warning:  Undefined array key "zoom" in C:\Users\Luz Adriana Mosquera\Local Sites\legiom\app\public\wp-content\plugins\osm\osm-widget.php on line 67
[14-Nov-2022 23:08:05 UTC] PHP Warning:  Undefined array key "zoom" in C:\Users\Luz Adriana Mosquera\Local Sites\legiom\app\public\wp-content\plugins\osm\osm-widget.php on line 68
[14-Nov-2022 23:08:05 UTC] PHP Warning:  Undefined array key "zoom" in C:\Users\Luz Adriana Mosquera\Local Sites\legiom\app\public\wp-content\plugins\osm\osm-widget.php on line 69
[14-Nov-2022 23:08:05 UTC] PHP Warning:  Undefined array key "zoom" in C:\Users\Luz Adriana Mosquera\Local Sites\legiom\app\public\wp-content\plugins\osm\osm-widget.php on line 70
[14-Nov-2022 23:08:05 UTC] PHP Warning:  Undefined array key "zoom" in C:\Users\Luz Adriana Mosquera\Local Sites\legiom\app\public\wp-content\plugins\osm\osm-widget.php on line 71
[14-Nov-2022 23:08:05 UTC] PHP Warning:  Undefined array key "zoom" in C:\Users\Luz Adriana Mosquera\Local Sites\legiom\app\public\wp-content\plugins\osm\osm-widget.php on line 72
[14-Nov-2022 23:08:05 UTC] PHP Warning:  Undefined array key "zoom" in C:\Users\Luz Adriana Mosquera\Local Sites\legiom\app\public\wp-content\plugins\osm\osm-widget.php on line 73
[14-Nov-2022 23:08:05 UTC] PHP Warning:  Undefined array key "zoom" in C:\Users\Luz Adriana Mosquera\Local Sites\legiom\app\public\wp-content\plugins\osm\osm-widget.php on line 74
[14-Nov-2022 23:08:05 UTC] PHP Warning:  Undefined array key "zoom" in C:\Users\Luz Adriana Mosquera\Local Sites\legiom\app\public\wp-content\plugins\osm\osm-widget.php on line 75
[14-Nov-2022 23:08:05 UTC] PHP Warning:  Undefined array key "zoom" in C:\Users\Luz Adriana Mosquera\Local Sites\legiom\app\public\wp-content\plugins\osm\osm-widget.php on line 76
[14-Nov-2022 23:08:05 UTC] PHP Warning:  Undefined array key "zoom" in C:\Users\Luz Adriana Mosquera\Local Sites\legiom\app\public\wp-content\plugins\osm\osm-widget.php on line 77
[14-Nov-2022 23:08:05 UTC] PHP Warning:  Undefined array key "zoom" in C:\Users\Luz Adriana Mosquera\Local Sites\legiom\app\public\wp-content\plugins\osm\osm-widget.php on line 78
[14-Nov-2022 23:08:05 UTC] PHP Warning:  Undefined array key "zoom" in C:\Users\Luz Adriana Mosquera\Local Sites\legiom\app\public\wp-content\plugins\osm\osm-widget.php on line 79
[14-Nov-2022 23:08:05 UTC] PHP Warning:  Undefined array key "zoom" in C:\Users\Luz Adriana Mosquera\Local Sites\legiom\app\public\wp-content\plugins\osm\osm-widget.php on line 80
[14-Nov-2022 23:08:05 UTC] PHP Warning:  Undefined array key "zoom" in C:\Users\Luz Adriana Mosquera\Local Sites\legiom\app\public\wp-content\plugins\osm\osm-widget.php on line 81
[14-Nov-2022 23:08:05 UTC] PHP Warning:  Undefined array key "zoom" in C:\Users\Luz Adriana Mosquera\Local Sites\legiom\app\public\wp-content\plugins\osm\osm-widget.php on line 82
[14-Nov-2022 23:08:05 UTC] PHP Warning:  Undefined array key "zoom" in C:\Users\Luz Adriana Mosquera\Local Sites\legiom\app\public\wp-content\plugins\osm\osm-widget.php on line 83
[14-Nov-2022 23:08:05 UTC] PHP Warning:  Undefined array key "ctrl_theme" in C:\Users\Luz Adriana Mosquera\Local Sites\legiom\app\public\wp-content\plugins\osm\osm-widget.php on line 89
[14-Nov-2022 23:08:05 UTC] PHP Warning:  Undefined array key "ctrl_theme" in C:\Users\Luz Adriana Mosquera\Local Sites\legiom\app\public\wp-content\plugins\osm\osm-widget.php on line 90
[14-Nov-2022 23:08:05 UTC] PHP Warning:  Undefined array key "ctrl_theme" in C:\Users\Luz Adriana Mosquera\Local Sites\legiom\app\public\wp-content\plugins\osm\osm-widget.php on line 91
[14-Nov-2022 23:08:05 UTC] PHP Warning:  Undefined array key "ctrl_theme" in C:\Users\Luz Adriana Mosquera\Local Sites\legiom\app\public\wp-content\plugins\osm\osm-widget.php on line 93
[14-Nov-2022 23:08:05 UTC] PHP Warning:  Undefined array key "ctrl_theme" in C:\Users\Luz Adriana Mosquera\Local Sites\legiom\app\public\wp-content\plugins\osm\osm-widget.php on line 94
[14-Nov-2022 23:08:05 UTC] PHP Warning:  Undefined array key "ctrl_theme" in C:\Users\Luz Adriana Mosquera\Local Sites\legiom\app\public\wp-content\plugins\osm\osm-widget.php on line 95
[14-Nov-2022 23:08:05 UTC] PHP Warning:  Undefined array key "marker" in C:\Users\Luz Adriana Mosquera\Local Sites\legiom\app\public\wp-content\plugins\osm\osm-widget.php on line 101
[14-Nov-2022 23:08:05 UTC] PHP Warning:  Undefined array key "marker" in C:\Users\Luz Adriana Mosquera\Local Sites\legiom\app\public\wp-content\plugins\osm\osm-widget.php on line 102
[14-Nov-2022 23:08:05 UTC] PHP Warning:  Undefined array key "marker" in C:\Users\Luz Adriana Mosquera\Local Sites\legiom\app\public\wp-content\plugins\osm\osm-widget.php on line 103
[14-Nov-2022 23:08:05 UTC] PHP Warning:  Undefined array key "marker" in C:\Users\Luz Adriana Mosquera\Local Sites\legiom\app\public\wp-content\plugins\osm\osm-widget.php on line 104
[14-Nov-2022 23:08:05 UTC] PHP Warning:  Undefined array key "marker" in C:\Users\Luz Adriana Mosquera\Local Sites\legiom\app\public\wp-content\plugins\osm\osm-widget.php on line 105
[14-Nov-2022 23:08:05 UTC] PHP Warning:  Undefined array key "marker" in C:\Users\Luz Adriana Mosquera\Local Sites\legiom\app\public\wp-content\plugins\osm\osm-widget.php on line 106
[14-Nov-2022 23:08:05 UTC] PHP Warning:  Undefined array key "border_col" in C:\Users\Luz Adriana Mosquera\Local Sites\legiom\app\public\wp-content\plugins\osm\osm-widget.php on line 112
[14-Nov-2022 23:08:05 UTC] PHP Warning:  Undefined array key "border_col" in C:\Users\Luz Adriana Mosquera\Local Sites\legiom\app\public\wp-content\plugins\osm\osm-widget.php on line 113
[14-Nov-2022 23:08:05 UTC] PHP Warning:  Undefined array key "border_col" in C:\Users\Luz Adriana Mosquera\Local Sites\legiom\app\public\wp-content\plugins\osm\osm-widget.php on line 114
[14-Nov-2022 23:08:05 UTC] PHP Warning:  Undefined array key "border_col" in C:\Users\Luz Adriana Mosquera\Local Sites\legiom\app\public\wp-content\plugins\osm\osm-widget.php on line 115
[14-Nov-2022 23:08:05 UTC] PHP Warning:  Undefined array key "border_col" in C:\Users\Luz Adriana Mosquera\Local Sites\legiom\app\public\wp-content\plugins\osm\osm-widget.php on line 116
[14-Nov-2022 23:08:05 UTC] PHP Warning:  Undefined array key "border_col" in C:\Users\Luz Adriana Mosquera\Local Sites\legiom\app\public\wp-content\plugins\osm\osm-widget.php on line 117
[14-Nov-2022 23:08:05 UTC] PHP Warning:  Undefined array key "border_col" in C:\Users\Luz Adriana Mosquera\Local Sites\legiom\app\public\wp-content\plugins\osm\osm-widget.php on line 118
[14-Nov-2022 23:08:05 UTC] PHP Warning:  Undefined array key "map_type" in C:\Users\Luz Adriana Mosquera\Local Sites\legiom\app\public\wp-content\plugins\osm\osm-widget.php on line 124
[14-Nov-2022 23:08:05 UTC] PHP Warning:  Undefined array key "map_type" in C:\Users\Luz Adriana Mosquera\Local Sites\legiom\app\public\wp-content\plugins\osm\osm-widget.php on line 125
[14-Nov-2022 23:08:05 UTC] PHP Warning:  Undefined array key "map_type" in C:\Users\Luz Adriana Mosquera\Local Sites\legiom\app\public\wp-content\plugins\osm\osm-widget.php on line 126
[14-Nov-2022 23:08:05 UTC] PHP Warning:  Undefined array key "map_type" in C:\Users\Luz Adriana Mosquera\Local Sites\legiom\app\public\wp-content\plugins\osm\osm-widget.php on line 127
[14-Nov-2022 23:08:05 UTC] PHP Warning:  Undefined array key "map_type" in C:\Users\Luz Adriana Mosquera\Local Sites\legiom\app\public\wp-content\plugins\osm\osm-widget.php on line 128
[14-Nov-2022 23:08:05 UTC] PHP Warning:  Undefined array key "map_type" in C:\Users\Luz Adriana Mosquera\Local Sites\legiom\app\public\wp-content\plugins\osm\osm-widget.php on line 129
[14-Nov-2022 23:28:46 UTC] PHP Warning:  Trying to access array offset on value of type bool in C:\Users\Luz Adriana Mosquera\Local Sites\legiom\app\public\wp-content\plugins\leaflet-maps-marker\leaflet-maps-marker.php on line 493
[14-Nov-2022 23:28:57 UTC] PHP Warning:  Undefined array key "geocoding_mapzen_search_api_key" in C:\Users\Luz Adriana Mosquera\Local Sites\legiom\app\public\wp-content\plugins\leaflet-maps-marker\inc\install-and-updates.php on line 985
[14-Nov-2022 23:28:57 UTC] PHP Warning:  Undefined array key "geocoding_mapzen_search_api_key" in C:\Users\Luz Adriana Mosquera\Local Sites\legiom\app\public\wp-content\plugins\leaflet-maps-marker\inc\install-and-updates.php on line 993
[15-Nov-2022 01:10:58 UTC] PHP Warning:  Undefined array key "height" in C:\Users\Luz Adriana Mosquera\Local Sites\legiom\app\public\wp-content\plugins\osm\osm-widget.php on line 61
[15-Nov-2022 01:10:58 UTC] PHP Warning:  Undefined array key "zoom" in C:\Users\Luz Adriana Mosquera\Local Sites\legiom\app\public\wp-content\plugins\osm\osm-widget.php on line 66
[15-Nov-2022 01:10:58 UTC] PHP Warning:  Undefined array key "zoom" in C:\Users\Luz Adriana Mosquera\Local Sites\legiom\app\public\wp-content\plugins\osm\osm-widget.php on line 67
[15-Nov-2022 01:10:58 UTC] PHP Warning:  Undefined array key "zoom" in C:\Users\Luz Adriana Mosquera\Local Sites\legiom\app\public\wp-content\plugins\osm\osm-widget.php on line 68
[15-Nov-2022 01:10:58 UTC] PHP Warning:  Undefined array key "zoom" in C:\Users\Luz Adriana Mosquera\Local Sites\legiom\app\public\wp-content\plugins\osm\osm-widget.php on line 69
[15-Nov-2022 01:10:58 UTC] PHP Warning:  Undefined array key "zoom" in C:\Users\Luz Adriana Mosquera\Local Sites\legiom\app\public\wp-content\plugins\osm\osm-widget.php on line 70
[15-Nov-2022 01:10:58 UTC] PHP Warning:  Undefined array key "zoom" in C:\Users\Luz Adriana Mosquera\Local Sites\legiom\app\public\wp-content\plugins\osm\osm-widget.php on line 71
[15-Nov-2022 01:10:58 UTC] PHP Warning:  Undefined array key "zoom" in C:\Users\Luz Adriana Mosquera\Local Sites\legiom\app\public\wp-content\plugins\osm\osm-widget.php on line 72
[15-Nov-2022 01:10:58 UTC] PHP Warning:  Undefined array key "zoom" in C:\Users\Luz Adriana Mosquera\Local Sites\legiom\app\public\wp-content\plugins\osm\osm-widget.php on line 73
[15-Nov-2022 01:10:58 UTC] PHP Warning:  Undefined array key "zoom" in C:\Users\Luz Adriana Mosquera\Local Sites\legiom\app\public\wp-content\plugins\osm\osm-widget.php on line 74
[15-Nov-2022 01:10:58 UTC] PHP Warning:  Undefined array key "zoom" in C:\Users\Luz Adriana Mosquera\Local Sites\legiom\app\public\wp-content\plugins\osm\osm-widget.php on line 75
[15-Nov-2022 01:10:58 UTC] PHP Warning:  Undefined array key "zoom" in C:\Users\Luz Adriana Mosquera\Local Sites\legiom\app\public\wp-content\plugins\osm\osm-widget.php on line 76
[15-Nov-2022 01:10:58 UTC] PHP Warning:  Undefined array key "zoom" in C:\Users\Luz Adriana Mosquera\Local Sites\legiom\app\public\wp-content\plugins\osm\osm-widget.php on line 77
[15-Nov-2022 01:10:58 UTC] PHP Warning:  Undefined array key "zoom" in C:\Users\Luz Adriana Mosquera\Local Sites\legiom\app\public\wp-content\plugins\osm\osm-widget.php on line 78
[15-Nov-2022 01:10:58 UTC] PHP Warning:  Undefined array key "zoom" in C:\Users\Luz Adriana Mosquera\Local Sites\legiom\app\public\wp-content\plugins\osm\osm-widget.php on line 79
[15-Nov-2022 01:10:58 UTC] PHP Warning:  Undefined array key "zoom" in C:\Users\Luz Adriana Mosquera\Local Sites\legiom\app\public\wp-content\plugins\osm\osm-widget.php on line 80
[15-Nov-2022 01:10:58 UTC] PHP Warning:  Undefined array key "zoom" in C:\Users\Luz Adriana Mosquera\Local Sites\legiom\app\public\wp-content\plugins\osm\osm-widget.php on line 81
[15-Nov-2022 01:10:58 UTC] PHP Warning:  Undefined array key "zoom" in C:\Users\Luz Adriana Mosquera\Local Sites\legiom\app\public\wp-content\plugins\osm\osm-widget.php on line 82
[15-Nov-2022 01:10:58 UTC] PHP Warning:  Undefined array key "zoom" in C:\Users\Luz Adriana Mosquera\Local Sites\legiom\app\public\wp-content\plugins\osm\osm-widget.php on line 83
[15-Nov-2022 01:10:58 UTC] PHP Warning:  Undefined array key "ctrl_theme" in C:\Users\Luz Adriana Mosquera\Local Sites\legiom\app\public\wp-content\plugins\osm\osm-widget.php on line 89
[15-Nov-2022 01:10:58 UTC] PHP Warning:  Undefined array key "ctrl_theme" in C:\Users\Luz Adriana Mosquera\Local Sites\legiom\app\public\wp-content\plugins\osm\osm-widget.php on line 90
[15-Nov-2022 01:10:58 UTC] PHP Warning:  Undefined array key "ctrl_theme" in C:\Users\Luz Adriana Mosquera\Local Sites\legiom\app\public\wp-content\plugins\osm\osm-widget.php on line 91
[15-Nov-2022 01:10:58 UTC] PHP Warning:  Undefined array key "ctrl_theme" in C:\Users\Luz Adriana Mosquera\Local Sites\legiom\app\public\wp-content\plugins\osm\osm-widget.php on line 93
[15-Nov-2022 01:10:58 UTC] PHP Warning:  Undefined array key "ctrl_theme" in C:\Users\Luz Adriana Mosquera\Local Sites\legiom\app\public\wp-content\plugins\osm\osm-widget.php on line 94
[15-Nov-2022 01:10:58 UTC] PHP Warning:  Undefined array key "ctrl_theme" in C:\Users\Luz Adriana Mosquera\Local Sites\legiom\app\public\wp-content\plugins\osm\osm-widget.php on line 95
[15-Nov-2022 01:10:58 UTC] PHP Warning:  Undefined array key "marker" in C:\Users\Luz Adriana Mosquera\Local Sites\legiom\app\public\wp-content\plugins\osm\osm-widget.php on line 101
[15-Nov-2022 01:10:58 UTC] PHP Warning:  Undefined array key "marker" in C:\Users\Luz Adriana Mosquera\Local Sites\legiom\app\public\wp-content\plugins\osm\osm-widget.php on line 102
[15-Nov-2022 01:10:58 UTC] PHP Warning:  Undefined array key "marker" in C:\Users\Luz Adriana Mosquera\Local Sites\legiom\app\public\wp-content\plugins\osm\osm-widget.php on line 103
[15-Nov-2022 01:10:58 UTC] PHP Warning:  Undefined array key "marker" in C:\Users\Luz Adriana Mosquera\Local Sites\legiom\app\public\wp-content\plugins\osm\osm-widget.php on line 104
[15-Nov-2022 01:10:58 UTC] PHP Warning:  Undefined array key "marker" in C:\Users\Luz Adriana Mosquera\Local Sites\legiom\app\public\wp-content\plugins\osm\osm-widget.php on line 105
[15-Nov-2022 01:10:58 UTC] PHP Warning:  Undefined array key "marker" in C:\Users\Luz Adriana Mosquera\Local Sites\legiom\app\public\wp-content\plugins\osm\osm-widget.php on line 106
[15-Nov-2022 01:10:58 UTC] PHP Warning:  Undefined array key "border_col" in C:\Users\Luz Adriana Mosquera\Local Sites\legiom\app\public\wp-content\plugins\osm\osm-widget.php on line 112
[15-Nov-2022 01:10:58 UTC] PHP Warning:  Undefined array key "border_col" in C:\Users\Luz Adriana Mosquera\Local Sites\legiom\app\public\wp-content\plugins\osm\osm-widget.php on line 113
[15-Nov-2022 01:10:58 UTC] PHP Warning:  Undefined array key "border_col" in C:\Users\Luz Adriana Mosquera\Local Sites\legiom\app\public\wp-content\plugins\osm\osm-widget.php on line 114
[15-Nov-2022 01:10:58 UTC] PHP Warning:  Undefined array key "border_col" in C:\Users\Luz Adriana Mosquera\Local Sites\legiom\app\public\wp-content\plugins\osm\osm-widget.php on line 115
[15-Nov-2022 01:10:58 UTC] PHP Warning:  Undefined array key "border_col" in C:\Users\Luz Adriana Mosquera\Local Sites\legiom\app\public\wp-content\plugins\osm\osm-widget.php on line 116
[15-Nov-2022 01:10:58 UTC] PHP Warning:  Undefined array key "border_col" in C:\Users\Luz Adriana Mosquera\Local Sites\legiom\app\public\wp-content\plugins\osm\osm-widget.php on line 117
[15-Nov-2022 01:10:58 UTC] PHP Warning:  Undefined array key "border_col" in C:\Users\Luz Adriana Mosquera\Local Sites\legiom\app\public\wp-content\plugins\osm\osm-widget.php on line 118
[15-Nov-2022 01:10:58 UTC] PHP Warning:  Undefined array key "map_type" in C:\Users\Luz Adriana Mosquera\Local Sites\legiom\app\public\wp-content\plugins\osm\osm-widget.php on line 124
[15-Nov-2022 01:10:58 UTC] PHP Warning:  Undefined array key "map_type" in C:\Users\Luz Adriana Mosquera\Local Sites\legiom\app\public\wp-content\plugins\osm\osm-widget.php on line 125
[15-Nov-2022 01:10:58 UTC] PHP Warning:  Undefined array key "map_type" in C:\Users\Luz Adriana Mosquera\Local Sites\legiom\app\public\wp-content\plugins\osm\osm-widget.php on line 126
[15-Nov-2022 01:10:58 UTC] PHP Warning:  Undefined array key "map_type" in C:\Users\Luz Adriana Mosquera\Local Sites\legiom\app\public\wp-content\plugins\osm\osm-widget.php on line 127
[15-Nov-2022 01:10:58 UTC] PHP Warning:  Undefined array key "map_type" in C:\Users\Luz Adriana Mosquera\Local Sites\legiom\app\public\wp-content\plugins\osm\osm-widget.php on line 128
[15-Nov-2022 01:10:58 UTC] PHP Warning:  Undefined array key "map_type" in C:\Users\Luz Adriana Mosquera\Local Sites\legiom\app\public\wp-content\plugins\osm\osm-widget.php on line 129
[15-Nov-2022 01:16:17 UTC] PHP Warning:  Undefined array key "height" in C:\Users\Luz Adriana Mosquera\Local Sites\legiom\app\public\wp-content\plugins\osm\osm-widget.php on line 61
[15-Nov-2022 01:16:17 UTC] PHP Warning:  Undefined array key "zoom" in C:\Users\Luz Adriana Mosquera\Local Sites\legiom\app\public\wp-content\plugins\osm\osm-widget.php on line 66
[15-Nov-2022 01:16:17 UTC] PHP Warning:  Undefined array key "zoom" in C:\Users\Luz Adriana Mosquera\Local Sites\legiom\app\public\wp-content\plugins\osm\osm-widget.php on line 67
[15-Nov-2022 01:16:17 UTC] PHP Warning:  Undefined array key "zoom" in C:\Users\Luz Adriana Mosquera\Local Sites\legiom\app\public\wp-content\plugins\osm\osm-widget.php on line 68
[15-Nov-2022 01:16:17 UTC] PHP Warning:  Undefined array key "zoom" in C:\Users\Luz Adriana Mosquera\Local Sites\legiom\app\public\wp-content\plugins\osm\osm-widget.php on line 69
[15-Nov-2022 01:16:17 UTC] PHP Warning:  Undefined array key "zoom" in C:\Users\Luz Adriana Mosquera\Local Sites\legiom\app\public\wp-content\plugins\osm\osm-widget.php on line 70
[15-Nov-2022 01:16:17 UTC] PHP Warning:  Undefined array key "zoom" in C:\Users\Luz Adriana Mosquera\Local Sites\legiom\app\public\wp-content\plugins\osm\osm-widget.php on line 71
[15-Nov-2022 01:16:17 UTC] PHP Warning:  Undefined array key "zoom" in C:\Users\Luz Adriana Mosquera\Local Sites\legiom\app\public\wp-content\plugins\osm\osm-widget.php on line 72
[15-Nov-2022 01:16:17 UTC] PHP Warning:  Undefined array key "zoom" in C:\Users\Luz Adriana Mosquera\Local Sites\legiom\app\public\wp-content\plugins\osm\osm-widget.php on line 73
[15-Nov-2022 01:16:17 UTC] PHP Warning:  Undefined array key "zoom" in C:\Users\Luz Adriana Mosquera\Local Sites\legiom\app\public\wp-content\plugins\osm\osm-widget.php on line 74
[15-Nov-2022 01:16:17 UTC] PHP Warning:  Undefined array key "zoom" in C:\Users\Luz Adriana Mosquera\Local Sites\legiom\app\public\wp-content\plugins\osm\osm-widget.php on line 75
[15-Nov-2022 01:16:17 UTC] PHP Warning:  Undefined array key "zoom" in C:\Users\Luz Adriana Mosquera\Local Sites\legiom\app\public\wp-content\plugins\osm\osm-widget.php on line 76
[15-Nov-2022 01:16:17 UTC] PHP Warning:  Undefined array key "zoom" in C:\Users\Luz Adriana Mosquera\Local Sites\legiom\app\public\wp-content\plugins\osm\osm-widget.php on line 77
[15-Nov-2022 01:16:17 UTC] PHP Warning:  Undefined array key "zoom" in C:\Users\Luz Adriana Mosquera\Local Sites\legiom\app\public\wp-content\plugins\osm\osm-widget.php on line 78
[15-Nov-2022 01:16:17 UTC] PHP Warning:  Undefined array key "zoom" in C:\Users\Luz Adriana Mosquera\Local Sites\legiom\app\public\wp-content\plugins\osm\osm-widget.php on line 79
[15-Nov-2022 01:16:17 UTC] PHP Warning:  Undefined array key "zoom" in C:\Users\Luz Adriana Mosquera\Local Sites\legiom\app\public\wp-content\plugins\osm\osm-widget.php on line 80
[15-Nov-2022 01:16:17 UTC] PHP Warning:  Undefined array key "zoom" in C:\Users\Luz Adriana Mosquera\Local Sites\legiom\app\public\wp-content\plugins\osm\osm-widget.php on line 81
[15-Nov-2022 01:16:17 UTC] PHP Warning:  Undefined array key "zoom" in C:\Users\Luz Adriana Mosquera\Local Sites\legiom\app\public\wp-content\plugins\osm\osm-widget.php on line 82
[15-Nov-2022 01:16:17 UTC] PHP Warning:  Undefined array key "zoom" in C:\Users\Luz Adriana Mosquera\Local Sites\legiom\app\public\wp-content\plugins\osm\osm-widget.php on line 83
[15-Nov-2022 01:16:17 UTC] PHP Warning:  Undefined array key "ctrl_theme" in C:\Users\Luz Adriana Mosquera\Local Sites\legiom\app\public\wp-content\plugins\osm\osm-widget.php on line 89
[15-Nov-2022 01:16:17 UTC] PHP Warning:  Undefined array key "ctrl_theme" in C:\Users\Luz Adriana Mosquera\Local Sites\legiom\app\public\wp-content\plugins\osm\osm-widget.php on line 90
[15-Nov-2022 01:16:17 UTC] PHP Warning:  Undefined array key "ctrl_theme" in C:\Users\Luz Adriana Mosquera\Local Sites\legiom\app\public\wp-content\plugins\osm\osm-widget.php on line 91
[15-Nov-2022 01:16:17 UTC] PHP Warning:  Undefined array key "ctrl_theme" in C:\Users\Luz Adriana Mosquera\Local Sites\legiom\app\public\wp-content\plugins\osm\osm-widget.php on line 93
[15-Nov-2022 01:16:17 UTC] PHP Warning:  Undefined array key "ctrl_theme" in C:\Users\Luz Adriana Mosquera\Local Sites\legiom\app\public\wp-content\plugins\osm\osm-widget.php on line 94
[15-Nov-2022 01:16:17 UTC] PHP Warning:  Undefined array key "ctrl_theme" in C:\Users\Luz Adriana Mosquera\Local Sites\legiom\app\public\wp-content\plugins\osm\osm-widget.php on line 95
[15-Nov-2022 01:16:17 UTC] PHP Warning:  Undefined array key "marker" in C:\Users\Luz Adriana Mosquera\Local Sites\legiom\app\public\wp-content\plugins\osm\osm-widget.php on line 101
[15-Nov-2022 01:16:17 UTC] PHP Warning:  Undefined array key "marker" in C:\Users\Luz Adriana Mosquera\Local Sites\legiom\app\public\wp-content\plugins\osm\osm-widget.php on line 102
[15-Nov-2022 01:16:17 UTC] PHP Warning:  Undefined array key "marker" in C:\Users\Luz Adriana Mosquera\Local Sites\legiom\app\public\wp-content\plugins\osm\osm-widget.php on line 103
[15-Nov-2022 01:16:17 UTC] PHP Warning:  Undefined array key "marker" in C:\Users\Luz Adriana Mosquera\Local Sites\legiom\app\public\wp-content\plugins\osm\osm-widget.php on line 104
[15-Nov-2022 01:16:17 UTC] PHP Warning:  Undefined array key "marker" in C:\Users\Luz Adriana Mosquera\Local Sites\legiom\app\public\wp-content\plugins\osm\osm-widget.php on line 105
[15-Nov-2022 01:16:17 UTC] PHP Warning:  Undefined array key "marker" in C:\Users\Luz Adriana Mosquera\Local Sites\legiom\app\public\wp-content\plugins\osm\osm-widget.php on line 106
[15-Nov-2022 01:16:17 UTC] PHP Warning:  Undefined array key "border_col" in C:\Users\Luz Adriana Mosquera\Local Sites\legiom\app\public\wp-content\plugins\osm\osm-widget.php on line 112
[15-Nov-2022 01:16:17 UTC] PHP Warning:  Undefined array key "border_col" in C:\Users\Luz Adriana Mosquera\Local Sites\legiom\app\public\wp-content\plugins\osm\osm-widget.php on line 113
[15-Nov-2022 01:16:17 UTC] PHP Warning:  Undefined array key "border_col" in C:\Users\Luz Adriana Mosquera\Local Sites\legiom\app\public\wp-content\plugins\osm\osm-widget.php on line 114
[15-Nov-2022 01:16:17 UTC] PHP Warning:  Undefined array key "border_col" in C:\Users\Luz Adriana Mosquera\Local Sites\legiom\app\public\wp-content\plugins\osm\osm-widget.php on line 115
[15-Nov-2022 01:16:17 UTC] PHP Warning:  Undefined array key "border_col" in C:\Users\Luz Adriana Mosquera\Local Sites\legiom\app\public\wp-content\plugins\osm\osm-widget.php on line 116
[15-Nov-2022 01:16:17 UTC] PHP Warning:  Undefined array key "border_col" in C:\Users\Luz Adriana Mosquera\Local Sites\legiom\app\public\wp-content\plugins\osm\osm-widget.php on line 117
[15-Nov-2022 01:16:17 UTC] PHP Warning:  Undefined array key "border_col" in C:\Users\Luz Adriana Mosquera\Local Sites\legiom\app\public\wp-content\plugins\osm\osm-widget.php on line 118
[15-Nov-2022 01:16:17 UTC] PHP Warning:  Undefined array key "map_type" in C:\Users\Luz Adriana Mosquera\Local Sites\legiom\app\public\wp-content\plugins\osm\osm-widget.php on line 124
[15-Nov-2022 01:16:17 UTC] PHP Warning:  Undefined array key "map_type" in C:\Users\Luz Adriana Mosquera\Local Sites\legiom\app\public\wp-content\plugins\osm\osm-widget.php on line 125
[15-Nov-2022 01:16:17 UTC] PHP Warning:  Undefined array key "map_type" in C:\Users\Luz Adriana Mosquera\Local Sites\legiom\app\public\wp-content\plugins\osm\osm-widget.php on line 126
[15-Nov-2022 01:16:17 UTC] PHP Warning:  Undefined array key "map_type" in C:\Users\Luz Adriana Mosquera\Local Sites\legiom\app\public\wp-content\plugins\osm\osm-widget.php on line 127
[15-Nov-2022 01:16:17 UTC] PHP Warning:  Undefined array key "map_type" in C:\Users\Luz Adriana Mosquera\Local Sites\legiom\app\public\wp-content\plugins\osm\osm-widget.php on line 128
[15-Nov-2022 01:16:17 UTC] PHP Warning:  Undefined array key "map_type" in C:\Users\Luz Adriana Mosquera\Local Sites\legiom\app\public\wp-content\plugins\osm\osm-widget.php on line 129
[15-Nov-2022 15:48:48 UTC] PHP Warning:  Undefined array key 0 in C:\Users\Luz Adriana Mosquera\Local Sites\legiom\app\public\wp-content\plugins\mapifylite\templates\single-map-location.php on line 8
[15-Nov-2022 15:48:49 UTC] PHP Warning:  Undefined array key 0 in C:\Users\Luz Adriana Mosquera\Local Sites\legiom\app\public\wp-content\plugins\mapifylite\templates\single-map-location.php on line 8
[15-Nov-2022 15:49:00 UTC] PHP Warning:  Undefined array key 0 in C:\Users\Luz Adriana Mosquera\Local Sites\legiom\app\public\wp-content\plugins\mapifylite\templates\single-map-location.php on line 8
[15-Nov-2022 15:49:00 UTC] PHP Warning:  Undefined array key 0 in C:\Users\Luz Adriana Mosquera\Local Sites\legiom\app\public\wp-content\plugins\mapifylite\templates\single-map-location.php on line 8
[28-Nov-2022 20:07:37 UTC] PHP Warning:  Failed loading Zend extension 'php_opcache.dll' (tried: C:/Program Files (x86)/Local/resources/extraResources/lightning-services/php-8.1.9+6/bin/win64/ext\php_opcache.dll (No se puede encontrar el mdulo especificado), C:/Program Files (x86)/Local/resources/extraResources/lightning-services/php-8.1.9+6/bin/win64/ext\php_php_opcache.dll.dll (No se puede encontrar el mdulo especificado)) in Unknown on line 0
[28-Nov-2022 20:07:38 UTC] PHP Warning:  Failed loading Zend extension 'php_xdebug.dll' (tried: C:/Program Files (x86)/Local/resources/extraResources/lightning-services/php-8.1.9+6/bin/win64/ext\php_xdebug.dll (No se puede encontrar el mdulo especificado), C:/Program Files (x86)/Local/resources/extraResources/lightning-services/php-8.1.9+6/bin/win64/ext\php_php_xdebug.dll.dll (No se puede encontrar el mdulo especificado)) in Unknown on line 0
[28-Nov-2022 20:07:38 UTC] PHP Warning:  PHP Startup: Unable to load dynamic library 'php_curl.dll' (tried: C:/Program Files (x86)/Local/resources/extraResources/lightning-services/php-8.1.9+6/bin/win64/ext\php_curl.dll (No se puede encontrar el mdulo especificado), C:/Program Files (x86)/Local/resources/extraResources/lightning-services/php-8.1.9+6/bin/win64/ext\php_php_curl.dll.dll (No se puede encontrar el mdulo especificado)) in Unknown on line 0
[28-Nov-2022 20:07:38 UTC] PHP Warning:  PHP Startup: Unable to load dynamic library 'php_gettext.dll' (tried: C:/Program Files (x86)/Local/resources/extraResources/lightning-services/php-8.1.9+6/bin/win64/ext\php_gettext.dll (No se puede encontrar el mdulo especificado), C:/Program Files (x86)/Local/resources/extraResources/lightning-services/php-8.1.9+6/bin/win64/ext\php_php_gettext.dll.dll (No se puede encontrar el mdulo especificado)) in Unknown on line 0
[28-Nov-2022 20:07:38 UTC] PHP Warning:  PHP Startup: Unable to load dynamic library 'php_openssl.dll' (tried: C:/Program Files (x86)/Local/resources/extraResources/lightning-services/php-8.1.9+6/bin/win64/ext\php_openssl.dll (No se puede encontrar el mdulo especificado), C:/Program Files (x86)/Local/resources/extraResources/lightning-services/php-8.1.9+6/bin/win64/ext\php_php_openssl.dll.dll (No se puede encontrar el mdulo especificado)) in Unknown on line 0
[28-Nov-2022 20:07:38 UTC] PHP Warning:  PHP Startup: Unable to load dynamic library 'php_exif.dll' (tried: C:/Program Files (x86)/Local/resources/extraResources/lightning-services/php-8.1.9+6/bin/win64/ext\php_exif.dll (No se puede encontrar el mdulo especificado), C:/Program Files (x86)/Local/resources/extraResources/lightning-services/php-8.1.9+6/bin/win64/ext\php_php_exif.dll.dll (No se puede encontrar el mdulo especificado)) in Unknown on line 0
[28-Nov-2022 20:07:38 UTC] PHP Warning:  PHP Startup: Unable to load dynamic library 'php_gd.dll' (tried: C:/Program Files (x86)/Local/resources/extraResources/lightning-services/php-8.1.9+6/bin/win64/ext\php_gd.dll (No se puede encontrar el mdulo especificado), C:/Program Files (x86)/Local/resources/extraResources/lightning-services/php-8.1.9+6/bin/win64/ext\php_php_gd.dll.dll (No se puede encontrar el mdulo especificado)) in Unknown on line 0
[28-Nov-2022 20:07:38 UTC] PHP Warning:  PHP Startup: Unable to load dynamic library 'php_ftp.dll' (tried: C:/Program Files (x86)/Local/resources/extraResources/lightning-services/php-8.1.9+6/bin/win64/ext\php_ftp.dll (No se puede encontrar el mdulo especificado), C:/Program Files (x86)/Local/resources/extraResources/lightning-services/php-8.1.9+6/bin/win64/ext\php_php_ftp.dll.dll (No se puede encontrar el mdulo especificado)) in Unknown on line 0
[28-Nov-2022 20:07:38 UTC] PHP Warning:  PHP Startup: Unable to load dynamic library 'php_imap.dll' (tried: C:/Program Files (x86)/Local/resources/extraResources/lightning-services/php-8.1.9+6/bin/win64/ext\php_imap.dll (No se puede encontrar el mdulo especificado), C:/Program Files (x86)/Local/resources/extraResources/lightning-services/php-8.1.9+6/bin/win64/ext\php_php_imap.dll.dll (No se puede encontrar el mdulo especificado)) in Unknown on line 0
[28-Nov-2022 20:07:38 UTC] PHP Warning:  PHP Startup: Unable to load dynamic library 'php_bz2.dll' (tried: C:/Program Files (x86)/Local/resources/extraResources/lightning-services/php-8.1.9+6/bin/win64/ext\php_bz2.dll (No se puede encontrar el mdulo especificado), C:/Program Files (x86)/Local/resources/extraResources/lightning-services/php-8.1.9+6/bin/win64/ext\php_php_bz2.dll.dll (No se puede encontrar el mdulo especificado)) in Unknown on line 0
[28-Nov-2022 20:07:38 UTC] PHP Warning:  PHP Startup: Unable to load dynamic library 'php_mbstring.dll' (tried: C:/Program Files (x86)/Local/resources/extraResources/lightning-services/php-8.1.9+6/bin/win64/ext\php_mbstring.dll (No se puede encontrar el mdulo especificado), C:/Program Files (x86)/Local/resources/extraResources/lightning-services/php-8.1.9+6/bin/win64/ext\php_php_mbstring.dll.dll (No se puede encontrar el mdulo especificado)) in Unknown on line 0
[28-Nov-2022 20:07:38 UTC] PHP Warning:  PHP Startup: Unable to load dynamic library 'php_sodium.dll' (tried: C:/Program Files (x86)/Local/resources/extraResources/lightning-services/php-8.1.9+6/bin/win64/ext\php_sodium.dll (No se puede encontrar el mdulo especificado), C:/Program Files (x86)/Local/resources/extraResources/lightning-services/php-8.1.9+6/bin/win64/ext\php_php_sodium.dll.dll (No se puede encontrar el mdulo especificado)) in Unknown on line 0
[28-Nov-2022 20:07:38 UTC] PHP Warning:  PHP Startup: Unable to load dynamic library 'php_tidy.dll' (tried: C:/Program Files (x86)/Local/resources/extraResources/lightning-services/php-8.1.9+6/bin/win64/ext\php_tidy.dll (No se puede encontrar el mdulo especificado), C:/Program Files (x86)/Local/resources/extraResources/lightning-services/php-8.1.9+6/bin/win64/ext\php_php_tidy.dll.dll (No se puede encontrar el mdulo especificado)) in Unknown on line 0
[28-Nov-2022 20:07:38 UTC] PHP Warning:  PHP Startup: Unable to load dynamic library 'php_xsl.dll' (tried: C:/Program Files (x86)/Local/resources/extraResources/lightning-services/php-8.1.9+6/bin/win64/ext\php_xsl.dll (No se puede encontrar el mdulo especificado), C:/Program Files (x86)/Local/resources/extraResources/lightning-services/php-8.1.9+6/bin/win64/ext\php_php_xsl.dll.dll (No se puede encontrar el mdulo especificado)) in Unknown on line 0
[28-Nov-2022 20:07:38 UTC] PHP Warning:  PHP Startup: Unable to load dynamic library 'php_soap.dll' (tried: C:/Program Files (x86)/Local/resources/extraResources/lightning-services/php-8.1.9+6/bin/win64/ext\php_soap.dll (No se puede encontrar el mdulo especificado), C:/Program Files (x86)/Local/resources/extraResources/lightning-services/php-8.1.9+6/bin/win64/ext\php_php_soap.dll.dll (No se puede encontrar el mdulo especificado)) in Unknown on line 0
[28-Nov-2022 20:07:38 UTC] PHP Warning:  PHP Startup: Unable to load dynamic library 'php_mysqli.dll' (tried: C:/Program Files (x86)/Local/resources/extraResources/lightning-services/php-8.1.9+6/bin/win64/ext\php_mysqli.dll (No se puede encontrar el mdulo especificado), C:/Program Files (x86)/Local/resources/extraResources/lightning-services/php-8.1.9+6/bin/win64/ext\php_php_mysqli.dll.dll (No se puede encontrar el mdulo especificado)) in Unknown on line 0
[28-Nov-2022 20:07:38 UTC] PHP Warning:  PHP Startup: Unable to load dynamic library 'php_pdo_mysql.dll' (tried: C:/Program Files (x86)/Local/resources/extraResources/lightning-services/php-8.1.9+6/bin/win64/ext\php_pdo_mysql.dll (No se puede encontrar el mdulo especificado), C:/Program Files (x86)/Local/resources/extraResources/lightning-services/php-8.1.9+6/bin/win64/ext\php_php_pdo_mysql.dll.dll (No se puede encontrar el mdulo especificado)) in Unknown on line 0
[28-Nov-2022 20:07:38 UTC] PHP Warning:  PHP Startup: Unable to load dynamic library 'php_fileinfo.dll' (tried: C:/Program Files (x86)/Local/resources/extraResources/lightning-services/php-8.1.9+6/bin/win64/ext\php_fileinfo.dll (No se puede encontrar el mdulo especificado), C:/Program Files (x86)/Local/resources/extraResources/lightning-services/php-8.1.9+6/bin/win64/ext\php_php_fileinfo.dll.dll (No se puede encontrar el mdulo especificado)) in Unknown on line 0
[28-Nov-2022 20:07:38 UTC] PHP Warning:  PHP Startup: Unable to load dynamic library 'php_intl.dll' (tried: C:/Program Files (x86)/Local/resources/extraResources/lightning-services/php-8.1.9+6/bin/win64/ext\php_intl.dll (No se puede encontrar el mdulo especificado), C:/Program Files (x86)/Local/resources/extraResources/lightning-services/php-8.1.9+6/bin/win64/ext\php_php_intl.dll.dll (No se puede encontrar el mdulo especificado)) in Unknown on line 0
[28-Nov-2022 20:07:41 UTC] PHP Warning:  Failed loading Zend extension 'php_opcache.dll' (tried: C:/Program Files (x86)/Local/resources/extraResources/lightning-services/php-8.1.9+6/bin/win64/ext\php_opcache.dll (No se puede encontrar el mdulo especificado), C:/Program Files (x86)/Local/resources/extraResources/lightning-services/php-8.1.9+6/bin/win64/ext\php_php_opcache.dll.dll (No se puede encontrar el mdulo especificado)) in Unknown on line 0
[28-Nov-2022 20:07:41 UTC] PHP Warning:  Failed loading Zend extension 'php_xdebug.dll' (tried: C:/Program Files (x86)/Local/resources/extraResources/lightning-services/php-8.1.9+6/bin/win64/ext\php_xdebug.dll (No se puede encontrar el mdulo especificado), C:/Program Files (x86)/Local/resources/extraResources/lightning-services/php-8.1.9+6/bin/win64/ext\php_php_xdebug.dll.dll (No se puede encontrar el mdulo especificado)) in Unknown on line 0
[28-Nov-2022 20:07:41 UTC] PHP Warning:  PHP Startup: Unable to load dynamic library 'php_curl.dll' (tried: C:/Program Files (x86)/Local/resources/extraResources/lightning-services/php-8.1.9+6/bin/win64/ext\php_curl.dll (No se puede encontrar el mdulo especificado), C:/Program Files (x86)/Local/resources/extraResources/lightning-services/php-8.1.9+6/bin/win64/ext\php_php_curl.dll.dll (No se puede encontrar el mdulo especificado)) in Unknown on line 0
[28-Nov-2022 20:07:41 UTC] PHP Warning:  PHP Startup: Unable to load dynamic library 'php_gettext.dll' (tried: C:/Program Files (x86)/Local/resources/extraResources/lightning-services/php-8.1.9+6/bin/win64/ext\php_gettext.dll (No se puede encontrar el mdulo especificado), C:/Program Files (x86)/Local/resources/extraResources/lightning-services/php-8.1.9+6/bin/win64/ext\php_php_gettext.dll.dll (No se puede encontrar el mdulo especificado)) in Unknown on line 0
[28-Nov-2022 20:07:41 UTC] PHP Warning:  PHP Startup: Unable to load dynamic library 'php_openssl.dll' (tried: C:/Program Files (x86)/Local/resources/extraResources/lightning-services/php-8.1.9+6/bin/win64/ext\php_openssl.dll (No se puede encontrar el mdulo especificado), C:/Program Files (x86)/Local/resources/extraResources/lightning-services/php-8.1.9+6/bin/win64/ext\php_php_openssl.dll.dll (No se puede encontrar el mdulo especificado)) in Unknown on line 0
[28-Nov-2022 20:07:41 UTC] PHP Warning:  PHP Startup: Unable to load dynamic library 'php_exif.dll' (tried: C:/Program Files (x86)/Local/resources/extraResources/lightning-services/php-8.1.9+6/bin/win64/ext\php_exif.dll (No se puede encontrar el mdulo especificado), C:/Program Files (x86)/Local/resources/extraResources/lightning-services/php-8.1.9+6/bin/win64/ext\php_php_exif.dll.dll (No se puede encontrar el mdulo especificado)) in Unknown on line 0
[28-Nov-2022 20:07:41 UTC] PHP Warning:  PHP Startup: Unable to load dynamic library 'php_gd.dll' (tried: C:/Program Files (x86)/Local/resources/extraResources/lightning-services/php-8.1.9+6/bin/win64/ext\php_gd.dll (No se puede encontrar el mdulo especificado), C:/Program Files (x86)/Local/resources/extraResources/lightning-services/php-8.1.9+6/bin/win64/ext\php_php_gd.dll.dll (No se puede encontrar el mdulo especificado)) in Unknown on line 0
[28-Nov-2022 20:07:41 UTC] PHP Warning:  PHP Startup: Unable to load dynamic library 'php_ftp.dll' (tried: C:/Program Files (x86)/Local/resources/extraResources/lightning-services/php-8.1.9+6/bin/win64/ext\php_ftp.dll (No se puede encontrar el mdulo especificado), C:/Program Files (x86)/Local/resources/extraResources/lightning-services/php-8.1.9+6/bin/win64/ext\php_php_ftp.dll.dll (No se puede encontrar el mdulo especificado)) in Unknown on line 0
[28-Nov-2022 20:07:41 UTC] PHP Warning:  PHP Startup: Unable to load dynamic library 'php_imap.dll' (tried: C:/Program Files (x86)/Local/resources/extraResources/lightning-services/php-8.1.9+6/bin/win64/ext\php_imap.dll (No se puede encontrar el mdulo especificado), C:/Program Files (x86)/Local/resources/extraResources/lightning-services/php-8.1.9+6/bin/win64/ext\php_php_imap.dll.dll (No se puede encontrar el mdulo especificado)) in Unknown on line 0
[28-Nov-2022 20:07:41 UTC] PHP Warning:  PHP Startup: Unable to load dynamic library 'php_bz2.dll' (tried: C:/Program Files (x86)/Local/resources/extraResources/lightning-services/php-8.1.9+6/bin/win64/ext\php_bz2.dll (No se puede encontrar el mdulo especificado), C:/Program Files (x86)/Local/resources/extraResources/lightning-services/php-8.1.9+6/bin/win64/ext\php_php_bz2.dll.dll (No se puede encontrar el mdulo especificado)) in Unknown on line 0
[28-Nov-2022 20:07:41 UTC] PHP Warning:  PHP Startup: Unable to load dynamic library 'php_mbstring.dll' (tried: C:/Program Files (x86)/Local/resources/extraResources/lightning-services/php-8.1.9+6/bin/win64/ext\php_mbstring.dll (No se puede encontrar el mdulo especificado), C:/Program Files (x86)/Local/resources/extraResources/lightning-services/php-8.1.9+6/bin/win64/ext\php_php_mbstring.dll.dll (No se puede encontrar el mdulo especificado)) in Unknown on line 0
[28-Nov-2022 20:07:41 UTC] PHP Warning:  PHP Startup: Unable to load dynamic library 'php_sodium.dll' (tried: C:/Program Files (x86)/Local/resources/extraResources/lightning-services/php-8.1.9+6/bin/win64/ext\php_sodium.dll (No se puede encontrar el mdulo especificado), C:/Program Files (x86)/Local/resources/extraResources/lightning-services/php-8.1.9+6/bin/win64/ext\php_php_sodium.dll.dll (No se puede encontrar el mdulo especificado)) in Unknown on line 0
[28-Nov-2022 20:07:41 UTC] PHP Warning:  PHP Startup: Unable to load dynamic library 'php_tidy.dll' (tried: C:/Program Files (x86)/Local/resources/extraResources/lightning-services/php-8.1.9+6/bin/win64/ext\php_tidy.dll (No se puede encontrar el mdulo especificado), C:/Program Files (x86)/Local/resources/extraResources/lightning-services/php-8.1.9+6/bin/win64/ext\php_php_tidy.dll.dll (No se puede encontrar el mdulo especificado)) in Unknown on line 0
[28-Nov-2022 20:07:41 UTC] PHP Warning:  PHP Startup: Unable to load dynamic library 'php_xsl.dll' (tried: C:/Program Files (x86)/Local/resources/extraResources/lightning-services/php-8.1.9+6/bin/win64/ext\php_xsl.dll (No se puede encontrar el mdulo especificado), C:/Program Files (x86)/Local/resources/extraResources/lightning-services/php-8.1.9+6/bin/win64/ext\php_php_xsl.dll.dll (No se puede encontrar el mdulo especificado)) in Unknown on line 0
[28-Nov-2022 20:07:41 UTC] PHP Warning:  PHP Startup: Unable to load dynamic library 'php_soap.dll' (tried: C:/Program Files (x86)/Local/resources/extraResources/lightning-services/php-8.1.9+6/bin/win64/ext\php_soap.dll (No se puede encontrar el mdulo especificado), C:/Program Files (x86)/Local/resources/extraResources/lightning-services/php-8.1.9+6/bin/win64/ext\php_php_soap.dll.dll (No se puede encontrar el mdulo especificado)) in Unknown on line 0
[28-Nov-2022 20:07:41 UTC] PHP Warning:  PHP Startup: Unable to load dynamic library 'php_mysqli.dll' (tried: C:/Program Files (x86)/Local/resources/extraResources/lightning-services/php-8.1.9+6/bin/win64/ext\php_mysqli.dll (No se puede encontrar el mdulo especificado), C:/Program Files (x86)/Local/resources/extraResources/lightning-services/php-8.1.9+6/bin/win64/ext\php_php_mysqli.dll.dll (No se puede encontrar el mdulo especificado)) in Unknown on line 0
[28-Nov-2022 20:07:41 UTC] PHP Warning:  PHP Startup: Unable to load dynamic library 'php_pdo_mysql.dll' (tried: C:/Program Files (x86)/Local/resources/extraResources/lightning-services/php-8.1.9+6/bin/win64/ext\php_pdo_mysql.dll (No se puede encontrar el mdulo especificado), C:/Program Files (x86)/Local/resources/extraResources/lightning-services/php-8.1.9+6/bin/win64/ext\php_php_pdo_mysql.dll.dll (No se puede encontrar el mdulo especificado)) in Unknown on line 0
[28-Nov-2022 20:07:41 UTC] PHP Warning:  PHP Startup: Unable to load dynamic library 'php_fileinfo.dll' (tried: C:/Program Files (x86)/Local/resources/extraResources/lightning-services/php-8.1.9+6/bin/win64/ext\php_fileinfo.dll (No se puede encontrar el mdulo especificado), C:/Program Files (x86)/Local/resources/extraResources/lightning-services/php-8.1.9+6/bin/win64/ext\php_php_fileinfo.dll.dll (No se puede encontrar el mdulo especificado)) in Unknown on line 0
[28-Nov-2022 20:07:41 UTC] PHP Warning:  PHP Startup: Unable to load dynamic library 'php_intl.dll' (tried: C:/Program Files (x86)/Local/resources/extraResources/lightning-services/php-8.1.9+6/bin/win64/ext\php_intl.dll (No se puede encontrar el mdulo especificado), C:/Program Files (x86)/Local/resources/extraResources/lightning-services/php-8.1.9+6/bin/win64/ext\php_php_intl.dll.dll (No se puede encontrar el mdulo especificado)) in Unknown on line 0
[28-Nov-2022 20:07:43 UTC] PHP Fatal error:  Uncaught Error: Call to undefined function mysql_connect() in C:\Users\Luz Adriana Mosquera\Local Sites\legiom\app\public\wp-includes\class-wpdb.php:1810
Stack trace:
#0 C:\Users\Luz Adriana Mosquera\Local Sites\legiom\app\public\wp-includes\class-wpdb.php(734): wpdb->db_connect()
#1 C:\Users\Luz Adriana Mosquera\Local Sites\legiom\app\public\wp-includes\load.php(562): wpdb->__construct('root', 'root', 'local', 'localhost')
#2 C:\Users\Luz Adriana Mosquera\Local Sites\legiom\app\public\wp-settings.php(124): require_wp_db()
#3 phar://C:/Program Files (x86)/Local/resources/extraResources/bin/wp-cli/wp-cli.phar/vendor/wp-cli/wp-cli/php/WP_CLI/Runner.php(1317): require('C:\\Users\\Luz Ad...')
#4 phar://C:/Program Files (x86)/Local/resources/extraResources/bin/wp-cli/wp-cli.phar/vendor/wp-cli/wp-cli/php/WP_CLI/Runner.php(1235): WP_CLI\Runner->load_wordpress()
#5 phar://C:/Program Files (x86)/Local/resources/extraResources/bin/wp-cli/wp-cli.phar/vendor/wp-cli/wp-cli/php/WP_CLI/Bootstrap/LaunchRunner.php(28): WP_CLI\Runner->start()
#6 phar://C:/Program Files (x86)/Local/resources/extraResources/bin/wp-cli/wp-cli.phar/vendor/wp-cli/wp-cli/php/bootstrap.php(78): WP_CLI\Bootstrap\LaunchRunner->process(Object(WP_CLI\Bootstrap\BootstrapState))
#7 phar://C:/Program Files (x86)/Local/resources/extraResources/bin/wp-cli/wp-cli.phar/vendor/wp-cli/wp-cli/php/wp-cli.php(27): WP_CLI\bootstrap()
#8 phar://C:/Program Files (x86)/Local/resources/extraResources/bin/wp-cli/wp-cli.phar/php/boot-phar.php(11): include('phar://C:/Progr...')
#9 C:\Program Files (x86)\Local\resources\extraResources\bin\wp-cli\wp-cli.phar(4): include('phar://C:/Progr...')
#10 {main}
  thrown in C:\Users\Luz Adriana Mosquera\Local Sites\legiom\app\public\wp-includes\class-wpdb.php on line 1810
